Determining if the pthread_create exist failed with the following output:
Change Dir: /home/relaybot/catkin_ws/src/myserial/build-serial-Desktop-Default/CMakeFiles/CMakeTmp

Run Build Command:/usr/bin/make "cmTryCompileExec3346181103/fast"
/usr/bin/make -f CMakeFiles/cmTryCompileExec3346181103.dir/build.make CMakeFiles/cmTryCompileExec3346181103.dir/build
make[1]: 正在进入目录 `/home/relaybot/catkin_ws/src/myserial/build-serial-Desktop-Default/CMakeFiles/CMakeTmp'
/usr/bin/cmake -E cmake_progress_report /home/relaybot/catkin_ws/src/myserial/build-serial-Desktop-Default/CMakeFiles/CMakeTmp/CMakeFiles 1
Building C object CMakeFiles/cmTryCompileExec3346181103.dir/CheckSymbolExists.c.o
/usr/bin/cc    -o CMakeFiles/cmTryCompileExec3346181103.dir/CheckSymbolExists.c.o   -c /home/relaybot/catkin_ws/src/myserial/build-serial-Desktop-Default/CMakeFiles/CMakeTmp/CheckSymbolExists.c
Linking C executable cmTryCompileExec3346181103
/usr/bin/cmake -E cmake_link_script CMakeFiles/cmTryCompileExec3346181103.dir/link.txt --verbose=1
/usr/bin/cc       CMakeFiles/cmTryCompileExec3346181103.dir/CheckSymbolExists.c.o  -o cmTryCompileExec3346181103 -rdynamic 
CMakeFiles/cmTryCompileExec3346181103.dir/CheckSymbolExists.c.o：在函数‘main’中：
CheckSymbolExists.c:(.text+0x16)：对‘pthread_create’未定义的引用
collect2: error: ld returned 1 exit status
make[1]: *** [cmTryCompileExec3346181103] 错误 1
make[1]:正在离开目录 `/home/relaybot/catkin_ws/src/myserial/build-serial-Desktop-Default/CMakeFiles/CMakeTmp'
make: *** [cmTryCompileExec3346181103/fast] 错误 2

File /home/relaybot/catkin_ws/src/myserial/build-serial-Desktop-Default/CMakeFiles/CMakeTmp/CheckSymbolExists.c:
/* */
#include <pthread.h>

int main(int argc, char** argv)
{
  (void)argv;
#ifndef pthread_create
  return ((int*)(&pthread_create))[argc];
#else
  (void)argc;
  return 0;
#endif
}

Determining if the function pthread_create exists in the pthreads failed with the following output:
Change Dir: /home/relaybot/catkin_ws/src/myserial/build-serial-Desktop-Default/CMakeFiles/CMakeTmp

Run Build Command:/usr/bin/make "cmTryCompileExec919509126/fast"
/usr/bin/make -f CMakeFiles/cmTryCompileExec919509126.dir/build.make CMakeFiles/cmTryCompileExec919509126.dir/build
make[1]: 正在进入目录 `/home/relaybot/catkin_ws/src/myserial/build-serial-Desktop-Default/CMakeFiles/CMakeTmp'
/usr/bin/cmake -E cmake_progress_report /home/relaybot/catkin_ws/src/myserial/build-serial-Desktop-Default/CMakeFiles/CMakeTmp/CMakeFiles 1
Building C object CMakeFiles/cmTryCompileExec919509126.dir/CheckFunctionExists.c.o
/usr/bin/cc   -DCHECK_FUNCTION_EXISTS=pthread_create   -o CMakeFiles/cmTryCompileExec919509126.dir/CheckFunctionExists.c.o   -c /usr/share/cmake-2.8/Modules/CheckFunctionExists.c
Linking C executable cmTryCompileExec919509126
/usr/bin/cmake -E cmake_link_script CMakeFiles/cmTryCompileExec919509126.dir/link.txt --verbose=1
/usr/bin/cc   -DCHECK_FUNCTION_EXISTS=pthread_create    CMakeFiles/cmTryCompileExec919509126.dir/CheckFunctionExists.c.o  -o cmTryCompileExec919509126 -rdynamic -lpthreads 
/usr/bin/ld: 找不到 -lpthreads
collect2: error: ld returned 1 exit status
make[1]: *** [cmTryCompileExec919509126] 错误 1
make[1]:正在离开目录 `/home/relaybot/catkin_ws/src/myserial/build-serial-Desktop-Default/CMakeFiles/CMakeTmp'
make: *** [cmTryCompileExec919509126/fast] 错误 2


